<?xml version="1.0" encoding="UTF-8"?>
<!-- Generated by org.testng.reporters.JUnitReportReporter -->
<testsuite hostname="ashish-PC" name="ContactManager" tests="1" failures="0" timestamp="31 Aug 2014 09:21:24 GMT" time="14.937" errors="0">
  <testcase name="testApp" time="14.937" classname="ContactManager"/>
</testsuite> <!-- ContactManager -->
