<?xml version="1.0" encoding="UTF-8"?>
<!-- Generated by org.testng.reporters.JUnitReportReporter -->
<testsuite hostname="ashish-PC" name="com.touchactions.Touch_Actions" tests="1" failures="0" timestamp="22 Aug 2014 16:27:49 GMT" time="4.296" errors="0">
  <testcase name="xxx" time="4.296" classname="com.touchactions.Touch_Actions"/>
</testsuite> <!-- com.touchactions.Touch_Actions -->
