<?xml version="1.0" encoding="UTF-8"?>
<!-- Generated by org.testng.reporters.JUnitReportReporter -->
<testsuite hostname="ashish-PC" name="com.touchactions.g" tests="1" failures="0" timestamp="22 Aug 2014 16:26:51 GMT" time="0.010" errors="0">
  <testcase name="x" time="0.010" classname="com.touchactions.g"/>
</testsuite> <!-- com.touchactions.g -->
