<?xml version="1.0" encoding="UTF-8"?>
<!-- Generated by org.testng.reporters.JUnitReportReporter -->
<testsuite hostname="ashish-PC" name="Gmail" tests="1" failures="0" timestamp="8 Sep 2014 08:32:05 GMT" time="11.385" errors="0">
  <testcase name="testApp" time="11.385" classname="Gmail"/>
</testsuite> <!-- Gmail -->
