<?xml version="1.0" encoding="UTF-8"?>
<!-- Generated by org.testng.reporters.JUnitReportReporter -->
<testsuite hostname="ashish-PC" name="DatePicker" tests="1" failures="0" timestamp="23 Aug 2014 11:50:29 GMT" time="31.036" errors="0">
  <testcase name="testApp" time="31.036" classname="DatePicker"/>
</testsuite> <!-- DatePicker -->
