<?xml version="1.0" encoding="UTF-8"?>
<!-- Generated by org.testng.reporters.JUnitReportReporter -->
<testsuite hostname="ashish-PC" name="Organizer" tests="1" failures="0" timestamp="23 Aug 2014 06:31:58 GMT" time="8.620" errors="0">
  <testcase name="testApp" time="8.620" classname="Organizer"/>
</testsuite> <!-- Organizer -->
