<?xml version="1.0" encoding="UTF-8"?>
<!-- Generated by org.testng.reporters.JUnitReportReporter -->
<testsuite hostname="ashish-PC" name="Organizer_App" tests="1" failures="0" timestamp="23 Aug 2014 10:17:50 GMT" time="13.556" errors="0">
  <testcase name="testApp" time="13.556" classname="Organizer_App"/>
</testsuite> <!-- Organizer_App -->
