<?xml version="1.0" encoding="UTF-8"?>
<!-- Generated by org.testng.reporters.JUnitReportReporter -->
<testsuite hostname="ashish-PC" name="temp.Organizer_App" tests="1" failures="0" timestamp="25 Aug 2014 06:35:06 GMT" time="14.109" errors="0">
  <testcase name="testApp" time="14.109" classname="temp.Organizer_App"/>
</testsuite> <!-- temp.Organizer_App -->
