<?xml version="1.0" encoding="UTF-8"?>
<!-- Generated by org.testng.reporters.JUnitReportReporter -->
<testsuite hostname="ashish-PC" name="WatsAppNames" tests="1" failures="0" timestamp="23 Aug 2014 06:22:44 GMT" time="35.663" errors="0">
  <testcase name="testApp" time="35.663" classname="WatsAppNames"/>
</testsuite> <!-- WatsAppNames -->
