<?xml version="1.0" encoding="UTF-8"?>
<!-- Generated by org.testng.reporters.JUnitReportReporter -->
<testsuite hostname="ashish-PC" name="ContactManager" tests="1" failures="0" timestamp="23 Aug 2014 12:03:58 GMT" time="25.025" errors="0">
  <testcase name="testApp" time="25.025" classname="ContactManager"/>
</testsuite> <!-- ContactManager -->
