<?xml version="1.0" encoding="UTF-8"?>
<!-- Generated by org.testng.reporters.JUnitReportReporter -->
<testsuite hostname="ashish-PC" name="WatsApp_ListView" tests="1" failures="0" timestamp="23 Aug 2014 06:16:56 GMT" time="10.990" errors="0">
  <testcase name="testApp" time="10.990" classname="WatsApp_ListView"/>
</testsuite> <!-- WatsApp_ListView -->
