<?xml version="1.0" encoding="UTF-8"?>
<!-- Generated by org.testng.reporters.JUnitReportReporter -->
<testsuite hostname="ashish-PC" name="com.test.exercises.CallingFromContactListTest" tests="1" failures="0" timestamp="31 Aug 2014 11:50:45 GMT" time="39.842" errors="0">
  <testcase name="setUpDriver" time="39.842" classname="com.test.exercises.CallingFromContactListTest"/>
</testsuite> <!-- com.test.exercises.CallingFromContactListTest -->
