<?xml version="1.0" encoding="UTF-8"?>
<!-- Generated by org.testng.reporters.JUnitReportReporter -->
<testsuite hostname="ashish-PC" name="com.test.exercises.CallingWithDialer" tests="1" failures="0" timestamp="31 Aug 2014 11:17:05 GMT" time="49.132" errors="0">
  <testcase name="setUp" time="49.132" classname="com.test.exercises.CallingWithDialer"/>
</testsuite> <!-- com.test.exercises.CallingWithDialer -->
