<?xml version="1.0" encoding="UTF-8"?>
<!-- Generated by org.testng.reporters.JUnitReportReporter -->
<testsuite hostname="ashish-PC" name="com.test.exercises.CameraPictureTest" tests="1" failures="0" timestamp="31 Aug 2014 12:27:07 GMT" time="33.361" errors="0">
  <testcase name="cameraTestSetup" time="33.361" classname="com.test.exercises.CameraPictureTest"/>
</testsuite> <!-- com.test.exercises.CameraPictureTest -->
