<?xml version="1.0" encoding="UTF-8"?>
<!-- Generated by org.testng.reporters.JUnitReportReporter -->
<testsuite hostname="ashish-PC" name="App_ContactManager" tests="1" failures="0" timestamp="18 Aug 2014 08:00:14 GMT" time="14.186" errors="0">
  <testcase name="testApp" time="14.186" classname="App_ContactManager"/>
</testsuite> <!-- App_ContactManager -->
