<?xml version="1.0" encoding="UTF-8"?>
<!-- Generated by org.testng.reporters.JUnitReportReporter -->
<testsuite hostname="ashish-PC" name="App_99Acres" tests="1" failures="0" timestamp="18 Aug 2014 10:08:40 GMT" time="20.176" errors="0">
  <testcase name="testApp" time="20.176" classname="App_99Acres"/>
</testsuite> <!-- App_99Acres -->
