<?xml version="1.0" encoding="UTF-8"?>
<!-- Generated by org.testng.reporters.JUnitReportReporter -->
<testsuite hostname="ashish-PC" name="com.mobile.qtpselenium.makemytrip.MakeMyTripTest" tests="1" failures="0" timestamp="9 Dec 2014 02:11:27 GMT" time="40.504" errors="0">
  <testcase name="testApp" time="40.504" classname="com.mobile.qtpselenium.makemytrip.MakeMyTripTest"/>
</testsuite> <!-- com.mobile.qtpselenium.makemytrip.MakeMyTripTest -->
