<?xml version="1.0" encoding="UTF-8"?>
<!-- Generated by org.testng.reporters.JUnitReportReporter -->
<testsuite hostname="subbarajus-MacBook-Pro.local" name="com.amazon.tests.tes" tests="1" failures="0" timestamp="11 Aug 2015 01:32:23 GMT" time="23.433" errors="0">
  <testcase name="test" time="23.433" classname="com.amazon.tests.tes"/>
</testsuite> <!-- com.amazon.tests.tes -->
