<?xml version="1.0" encoding="UTF-8"?>
<!-- Generated by org.testng.reporters.JUnitReportReporter -->
<testsuite hostname="subbarajus-MBP.fios-router.home" name="TestngFiles.DependencyAnnot" tests="3" failures="0" timestamp="10 Aug 2015 20:43:17 GMT" time="0.102" errors="0">
  <testcase name="openBrowser" time="0.001" classname="TestngFiles.DependencyAnnot"/>
  <testcase name="Flightbooking" time="0.001" classname="TestngFiles.DependencyAnnot"/>
  <testcase name="Timerelated" time="0.100" classname="TestngFiles.DependencyAnnot"/>
</testsuite> <!-- TestngFiles.DependencyAnnot -->
