<?xml version="1.0" encoding="UTF-8"?>
<!-- Generated by org.testng.reporters.JUnitReportReporter -->
<testsuite hostname="subbarajus-MacBook-Pro.local" name="TestngFiles.proper" tests="1" failures="0" timestamp="9 Aug 2015 21:10:36 GMT" time="19.529" errors="0">
  <testcase name="Login" time="19.529" classname="TestngFiles.proper"/>
</testsuite> <!-- TestngFiles.proper -->
