<?xml version="1.0" encoding="UTF-8"?>
<!-- Generated by org.testng.reporters.JUnitReportReporter -->
<testsuite hostname="subbarajus-MBP.fios-router.home" name="TestngFiles.Grouptst" tests="3" failures="0" timestamp="11 Aug 2015 18:30:10 GMT" time="0.015" errors="0">
  <testcase name="openBrowser" time="0.001" classname="TestngFiles.Grouptst"/>
  <testcase name="Flightcancell" time="0.014" classname="TestngFiles.Grouptst"/>
  <testcase name="subbuflightbooking" time="0.000" classname="TestngFiles.Grouptst"/>
</testsuite> <!-- TestngFiles.Grouptst -->
