<?xml version="1.0" encoding="UTF-8"?>
<!-- Generated by org.testng.reporters.JUnitReportReporter -->
<testsuite hostname="subbarajus-MacBook-Pro.local" name="TestngFiles.Annotation2" tests="2" failures="0" timestamp="10 Aug 2015 22:44:04 GMT" time="0.055" errors="0">
  <testcase name="testing2" time="0.050" classname="TestngFiles.Annotation2"/>
  <testcase name="testafter" time="0.005" classname="TestngFiles.Annotation2"/>
</testsuite> <!-- TestngFiles.Annotation2 -->
