<?xml version="1.0" encoding="UTF-8"?>
<!-- Generated by org.testng.reporters.JUnitReportReporter -->
<testsuite hostname="subbarajus-MBP.fios-router.home" name="TestngFiles.Annotations" tests="1" failures="0" timestamp="11 Aug 2015 18:28:20 GMT" time="0.006" errors="0">
  <testcase name="openBrowser" time="0.006" classname="TestngFiles.Annotations"/>
</testsuite> <!-- TestngFiles.Annotations -->
