<?xml version="1.0" encoding="UTF-8"?>
<!-- Generated by org.testng.reporters.JUnitReportReporter -->
<testsuite hostname="subbarajus-MacBook-Pro.local" name="com.amazon.tests.HtmlJunit" tests="1" failures="0" timestamp="10 Aug 2015 22:35:22 GMT" time="7.720" errors="0">
  <testcase name="testing" time="7.720" classname="com.amazon.tests.HtmlJunit"/>
</testsuite> <!-- com.amazon.tests.HtmlJunit -->
