<?xml version="1.0" encoding="UTF-8"?>
<!-- Generated by org.testng.reporters.JUnitReportReporter -->
<testsuite hostname="subbarajus-MacBook-Pro.local" name="com.amazon.tests.File" tests="1" failures="0" timestamp="11 Aug 2015 06:33:42 GMT" time="0.020" errors="0">
  <testcase name="subbu" time="0.020" classname="com.amazon.tests.File"/>
</testsuite> <!-- com.amazon.tests.File -->
