<?xml version="1.0" encoding="UTF-8"?>
<!-- Generated by org.testng.reporters.JUnitReportReporter -->
<testsuite hostname="subbarajus-MacBook-Pro.local" name="DataDriven.dataprovi" tests="2" failures="0" timestamp="11 Aug 2015 06:01:08 GMT" time="38.290" errors="0">
  <testcase name="facebookLogin" time="13.932" classname="DataDriven.dataprovi"/>
  <testcase name="facebookLogin" time="24.358" classname="DataDriven.dataprovi"/>
</testsuite> <!-- DataDriven.dataprovi -->
